Added Component: Designator=C1(tu hoa 4mm)
Add component. Clean all parameters for all variants
Add component (AddParameter): Name = "Chung_Loai"; Value = "C?m"; VariantName = "[No Variations]"
Add component (AddParameter): Name = "Don_Vi"; Value = "Con"; VariantName = "[No Variations]"
Add component (AddParameter): Name = "Kieu_Chan"; Value = ""; VariantName = "[No Variations]"
Add component (AddParameter): Name = "Ma_Hang"; Value = "MH001349"; VariantName = "[No Variations]"
Add component (AddParameter): Name = "So_Chan"; Value = "2"; VariantName = "[No Variations]"
Add component (AddParameter): Name = "Ten_Linh_Kien"; Value = "T? Hóa 10uF 25V 4x7MM"; VariantName = "[No Variations]"
Added Component: Designator=C2(Cap_100uF/400V)
Add component. Clean all parameters for all variants
Added Component: Designator=C3(tu hoa 10mm)
Add component. Clean all parameters for all variants
Add component (AddParameter): Name = "Chung_Loai"; Value = "C?m"; VariantName = "[No Variations]"
Add component (AddParameter): Name = "Don_Vi"; Value = "Con"; VariantName = "[No Variations]"
Add component (AddParameter): Name = "Kieu_Chan"; Value = ""; VariantName = "[No Variations]"
Add component (AddParameter): Name = "Ma_Hang"; Value = "MH006866"; VariantName = "[No Variations]"
Add component (AddParameter): Name = "So_Chan"; Value = "2"; VariantName = "[No Variations]"
Add component (AddParameter): Name = "Ten_Linh_Kien"; Value = "T? Hóa 470uF 50V"; VariantName = "[No Variations]"
Added Component: Designator=C4(tu hoa 4mm)
Add component. Clean all parameters for all variants
Add component (AddParameter): Name = "Chung_Loai"; Value = "C?m"; VariantName = "[No Variations]"
Add component (AddParameter): Name = "Don_Vi"; Value = "Con"; VariantName = "[No Variations]"
Add component (AddParameter): Name = "Kieu_Chan"; Value = ""; VariantName = "[No Variations]"
Add component (AddParameter): Name = "Ma_Hang"; Value = "MH001349"; VariantName = "[No Variations]"
Add component (AddParameter): Name = "So_Chan"; Value = "2"; VariantName = "[No Variations]"
Add component (AddParameter): Name = "Ten_Linh_Kien"; Value = "T? Hóa 10uF 25V 4x7MM"; VariantName = "[No Variations]"
Added Component: Designator=C5(Cap_103/2kv)
Add component. Clean all parameters for all variants
Added Component: Designator=C6(tu hoa 10mm)
Add component. Clean all parameters for all variants
Add component (AddParameter): Name = "Chung_Loai"; Value = "C?m"; VariantName = "[No Variations]"
Add component (AddParameter): Name = "Don_Vi"; Value = "Con"; VariantName = "[No Variations]"
Add component (AddParameter): Name = "Kieu_Chan"; Value = ""; VariantName = "[No Variations]"
Add component (AddParameter): Name = "Ma_Hang"; Value = "MH006866"; VariantName = "[No Variations]"
Add component (AddParameter): Name = "So_Chan"; Value = "2"; VariantName = "[No Variations]"
Add component (AddParameter): Name = "Ten_Linh_Kien"; Value = "T? Hóa 470uF 50V"; VariantName = "[No Variations]"
Added Component: Designator=C7(tu hoa 4mm)
Add component. Clean all parameters for all variants
Add component (AddParameter): Name = "Chung_Loai"; Value = "C?m"; VariantName = "[No Variations]"
Add component (AddParameter): Name = "Don_Vi"; Value = "Con"; VariantName = "[No Variations]"
Add component (AddParameter): Name = "Kieu_Chan"; Value = ""; VariantName = "[No Variations]"
Add component (AddParameter): Name = "Ma_Hang"; Value = "MH001349"; VariantName = "[No Variations]"
Add component (AddParameter): Name = "So_Chan"; Value = "2"; VariantName = "[No Variations]"
Add component (AddParameter): Name = "Ten_Linh_Kien"; Value = "T? Hóa 10uF 25V 4x7MM"; VariantName = "[No Variations]"
Added Component: Designator=C8(tu gom)
Add component. Clean all parameters for all variants
Add component (AddParameter): Name = "Chung_Loai"; Value = "C?m"; VariantName = "[No Variations]"
Add component (AddParameter): Name = "Don_Vi"; Value = "Con"; VariantName = "[No Variations]"
Add component (AddParameter): Name = "Kieu_Chan"; Value = ""; VariantName = "[No Variations]"
Add component (AddParameter): Name = "Ma_Hang"; Value = "MH004764"; VariantName = "[No Variations]"
Add component (AddParameter): Name = "So_Chan"; Value = "2"; VariantName = "[No Variations]"
Add component (AddParameter): Name = "Ten_Linh_Kien"; Value = "T? g?m 101 0.1nF 50V"; VariantName = "[No Variations]"
Added Component: Designator=C9(tu gom)
Add component. Clean all parameters for all variants
Add component (AddParameter): Name = "Chung_Loai"; Value = "C?m"; VariantName = "[No Variations]"
Add component (AddParameter): Name = "Don_Vi"; Value = "Con"; VariantName = "[No Variations]"
Add component (AddParameter): Name = "Kieu_Chan"; Value = ""; VariantName = "[No Variations]"
Add component (AddParameter): Name = "Ma_Hang"; Value = "MH000936"; VariantName = "[No Variations]"
Add component (AddParameter): Name = "So_Chan"; Value = "2"; VariantName = "[No Variations]"
Add component (AddParameter): Name = "Ten_Linh_Kien"; Value = "T? g?m 103 10nF 50V"; VariantName = "[No Variations]"
Added Component: Designator=C10(tu gom)
Add component. Clean all parameters for all variants
Add component (AddParameter): Name = "Chung_Loai"; Value = "C?m"; VariantName = "[No Variations]"
Add component (AddParameter): Name = "Don_Vi"; Value = "Con"; VariantName = "[No Variations]"
Add component (AddParameter): Name = "Kieu_Chan"; Value = ""; VariantName = "[No Variations]"
Add component (AddParameter): Name = "Ma_Hang"; Value = "MH004770"; VariantName = "[No Variations]"
Add component (AddParameter): Name = "So_Chan"; Value = "2"; VariantName = "[No Variations]"
Add component (AddParameter): Name = "Ten_Linh_Kien"; Value = "T? g?m 222-2.2nF 50V"; VariantName = "[No Variations]"
Added Component: Designator=C11(tu gom)
Add component. Clean all parameters for all variants
Add component (AddParameter): Name = "Chung_Loai"; Value = "C?m"; VariantName = "[No Variations]"
Add component (AddParameter): Name = "Don_Vi"; Value = "Con"; VariantName = "[No Variations]"
Add component (AddParameter): Name = "Kieu_Chan"; Value = ""; VariantName = "[No Variations]"
Add component (AddParameter): Name = "Ma_Hang"; Value = "MH004776"; VariantName = "[No Variations]"
Add component (AddParameter): Name = "So_Chan"; Value = "2"; VariantName = "[No Variations]"
Add component (AddParameter): Name = "Ten_Linh_Kien"; Value = "T? g?m 470P 471 50V"; VariantName = "[No Variations]"
Added Component: Designator=C(Cap_102_2KV)
Add component. Clean all parameters for all variants
Added Component: Designator=D1(Diode_FR107)
Add component. Clean all parameters for all variants
Added Component: Designator=D2(DIODE 2A)
Add component. Clean all parameters for all variants
Add component (AddParameter): Name = "Chung_Loai"; Value = "C?m"; VariantName = "[No Variations]"
Add component (AddParameter): Name = "Don_Vi"; Value = "Con"; VariantName = "[No Variations]"
Add component (AddParameter): Name = "Ghi Chu"; Value = ""; VariantName = "[No Variations]"
Add component (AddParameter): Name = "Kieu_Chan"; Value = ""; VariantName = "[No Variations]"
Add component (AddParameter): Name = "Ma_Hang"; Value = "MH005704"; VariantName = "[No Variations]"
Add component (AddParameter): Name = "Ten_Linh_Kien"; Value = "Diode FR207 2A 1000V ( DIP)"; VariantName = "[No Variations]"
Added Component: Designator=D3(DIODE 2A)
Add component. Clean all parameters for all variants
Add component (AddParameter): Name = "Chung_Loai"; Value = "C?m"; VariantName = "[No Variations]"
Add component (AddParameter): Name = "Don_Vi"; Value = "Con"; VariantName = "[No Variations]"
Add component (AddParameter): Name = "Ghi Chu"; Value = ""; VariantName = "[No Variations]"
Add component (AddParameter): Name = "Kieu_Chan"; Value = ""; VariantName = "[No Variations]"
Add component (AddParameter): Name = "Ma_Hang"; Value = "MH005704"; VariantName = "[No Variations]"
Add component (AddParameter): Name = "Ten_Linh_Kien"; Value = "Diode FR207 2A 1000V ( DIP)"; VariantName = "[No Variations]"
Added Component: Designator=D4(DIODE 2A)
Add component. Clean all parameters for all variants
Add component (AddParameter): Name = "Chung_Loai"; Value = "C?m"; VariantName = "[No Variations]"
Add component (AddParameter): Name = "Don_Vi"; Value = "Con"; VariantName = "[No Variations]"
Add component (AddParameter): Name = "Ghi Chu"; Value = ""; VariantName = "[No Variations]"
Add component (AddParameter): Name = "Kieu_Chan"; Value = ""; VariantName = "[No Variations]"
Add component (AddParameter): Name = "Ma_Hang"; Value = "MH005704"; VariantName = "[No Variations]"
Add component (AddParameter): Name = "Ten_Linh_Kien"; Value = "Diode FR207 2A 1000V ( DIP)"; VariantName = "[No Variations]"
Added Component: Designator=D5(Diode_FR107)
Add component. Clean all parameters for all variants
Added Component: Designator=D6(D1A)
Add component. Clean all parameters for all variants
Added Component: Designator=H1(XH2.54M-6)
Add component. Clean all parameters for all variants
Add component (AddParameter): Name = "Chung_Loai"; Value = "C?m"; VariantName = "[No Variations]"
Add component (AddParameter): Name = "Don_Vi"; Value = "Con"; VariantName = "[No Variations]"
Add component (AddParameter): Name = "Ghi_Chu"; Value = ""; VariantName = "[No Variations]"
Add component (AddParameter): Name = "Kieu_Chan"; Value = ""; VariantName = "[No Variations]"
Add component (AddParameter): Name = "Ma_Hang"; Value = "MH001972"; VariantName = "[No Variations]"
Add component (AddParameter): Name = "Ten_Linh_Kien"; Value = "Header 6P XH2.54-6P Ð?c Th?ng"; VariantName = "[No Variations]"
Added Component: Designator=HD1(HED2)
Add component. Clean all parameters for all variants
Add component (AddParameter): Name = "Value"; Value = "Header 2"; VariantName = "[No Variations]"
Added Component: Designator=IC1(QTO-220)
Add component. Clean all parameters for all variants
Add component (AddParameter): Name = ""; Value = "LM7808"; VariantName = "[No Variations]"
Add component (AddParameter): Name = "Value"; Value = "LM7805"; VariantName = "[No Variations]"
Added Component: Designator=IC2(LM7812)
Add component. Clean all parameters for all variants
Added Component: Designator=IC3(LM7912)
Add component. Clean all parameters for all variants
Added Component: Designator=IC4(UC3842_DIP)
Add component. Clean all parameters for all variants
Added Component: Designator=Q1(IRF740)
Add component. Clean all parameters for all variants
Added Component: Designator=Q2(TO92)
Add component. Clean all parameters for all variants
Add component (AddParameter): Name = ""; Value = "C9012"; VariantName = "[No Variations]"
Add component (AddParameter): Name = "Value"; Value = "C9014"; VariantName = "[No Variations]"
Added Component: Designator=R1(R2W)
Add component. Clean all parameters for all variants
Add component (AddParameter): Name = "Value"; Value = "R2W - 47"; VariantName = "[No Variations]"
Added Component: Designator=R2(tro vach 1/4w)
Add component. Clean all parameters for all variants
Add component (AddParameter): Name = "Chung_Loai"; Value = "C?m"; VariantName = "[No Variations]"
Add component (AddParameter): Name = "Don_Vi"; Value = "Con"; VariantName = "[No Variations]"
Add component (AddParameter): Name = "Kieu_Chan"; Value = ""; VariantName = "[No Variations]"
Add component (AddParameter): Name = "Ma_Hang"; Value = "MH007332"; VariantName = "[No Variations]"
Add component (AddParameter): Name = "So_Chan"; Value = "2"; VariantName = "[No Variations]"
Add component (AddParameter): Name = "Ten_Linh_Kien"; Value = "Tr? V?ch 1/4w 5% 68k"; VariantName = "[No Variations]"
Added Component: Designator=R3(Tro vach 1/4w)
Add component. Clean all parameters for all variants
Add component (AddParameter): Name = "Chung_Loai"; Value = "C?m"; VariantName = "[No Variations]"
Add component (AddParameter): Name = "Don_Vi"; Value = "Con"; VariantName = "[No Variations]"
Add component (AddParameter): Name = "Kieu_Chan"; Value = ""; VariantName = "[No Variations]"
Add component (AddParameter): Name = "Ma_Hang"; Value = "MH007286"; VariantName = "[No Variations]"
Add component (AddParameter): Name = "So_Chan"; Value = "2"; VariantName = "[No Variations]"
Add component (AddParameter): Name = "Ten_Linh_Kien"; Value = "Tr? V?ch 1/4w 5% 150k"; VariantName = "[No Variations]"
Added Component: Designator=R4(tro vach 1/4w)
Add component. Clean all parameters for all variants
Add component (AddParameter): Name = "Chung_Loai"; Value = "C?m"; VariantName = "[No Variations]"
Add component (AddParameter): Name = "Don_Vi"; Value = "Con"; VariantName = "[No Variations]"
Add component (AddParameter): Name = "Kieu_Chan"; Value = ""; VariantName = "[No Variations]"
Add component (AddParameter): Name = "Ma_Hang"; Value = "MH007302"; VariantName = "[No Variations]"
Add component (AddParameter): Name = "So_Chan"; Value = "2"; VariantName = "[No Variations]"
Add component (AddParameter): Name = "Ten_Linh_Kien"; Value = "Tr? V?ch 1/4w 5% 22R"; VariantName = "[No Variations]"
Added Component: Designator=R5(tro vach 1/4w)
Add component. Clean all parameters for all variants
Add component (AddParameter): Name = "Chung_Loai"; Value = "C?m"; VariantName = "[No Variations]"
Add component (AddParameter): Name = "Don_Vi"; Value = "Con"; VariantName = "[No Variations]"
Add component (AddParameter): Name = "Kieu_Chan"; Value = ""; VariantName = "[No Variations]"
Add component (AddParameter): Name = "Ma_Hang"; Value = "MH004982"; VariantName = "[No Variations]"
Add component (AddParameter): Name = "So_Chan"; Value = "2"; VariantName = "[No Variations]"
Add component (AddParameter): Name = "Ten_Linh_Kien"; Value = "Tr? V?ch 1/4w 5% 47k"; VariantName = "[No Variations]"
Added Component: Designator=R6(tro vach 1/4w)
Add component. Clean all parameters for all variants
Add component (AddParameter): Name = "Chung_Loai"; Value = "C?m"; VariantName = "[No Variations]"
Add component (AddParameter): Name = "Don_Vi"; Value = "Con"; VariantName = "[No Variations]"
Add component (AddParameter): Name = "Kieu_Chan"; Value = ""; VariantName = "[No Variations]"
Add component (AddParameter): Name = "Ma_Hang"; Value = "MH007354"; VariantName = "[No Variations]"
Add component (AddParameter): Name = "So_Chan"; Value = "2"; VariantName = "[No Variations]"
Add component (AddParameter): Name = "Ten_Linh_Kien"; Value = "Tr? V?ch 1/4w 5% 10K"; VariantName = "[No Variations]"
Added Component: Designator=R7(tro vach 1/4w)
Add component. Clean all parameters for all variants
Add component (AddParameter): Name = "Chung_Loai"; Value = "C?m"; VariantName = "[No Variations]"
Add component (AddParameter): Name = "Don_Vi"; Value = "Con"; VariantName = "[No Variations]"
Add component (AddParameter): Name = "Kieu_Chan"; Value = ""; VariantName = "[No Variations]"
Add component (AddParameter): Name = "Ma_Hang"; Value = "MH007354"; VariantName = "[No Variations]"
Add component (AddParameter): Name = "So_Chan"; Value = "2"; VariantName = "[No Variations]"
Add component (AddParameter): Name = "Ten_Linh_Kien"; Value = "Tr? V?ch 1/4w 5% 10K"; VariantName = "[No Variations]"
Added Component: Designator=R8(tro vach 1/4w)
Add component. Clean all parameters for all variants
Add component (AddParameter): Name = "Chung_Loai"; Value = "C?m"; VariantName = "[No Variations]"
Add component (AddParameter): Name = "Don_Vi"; Value = "Con"; VariantName = "[No Variations]"
Add component (AddParameter): Name = "Kieu_Chan"; Value = ""; VariantName = "[No Variations]"
Add component (AddParameter): Name = "Ma_Hang"; Value = "MH007301"; VariantName = "[No Variations]"
Add component (AddParameter): Name = "So_Chan"; Value = "2"; VariantName = "[No Variations]"
Add component (AddParameter): Name = "Ten_Linh_Kien"; Value = "Tr? V?ch 1/4w 5% 22k"; VariantName = "[No Variations]"
Added Component: Designator=R9(tro vach 1/4w)
Add component. Clean all parameters for all variants
Add component (AddParameter): Name = "Chung_Loai"; Value = "C?m"; VariantName = "[No Variations]"
Add component (AddParameter): Name = "Don_Vi"; Value = "Con"; VariantName = "[No Variations]"
Add component (AddParameter): Name = "Kieu_Chan"; Value = ""; VariantName = "[No Variations]"
Add component (AddParameter): Name = "Ma_Hang"; Value = "MH007307"; VariantName = "[No Variations]"
Add component (AddParameter): Name = "So_Chan"; Value = "2"; VariantName = "[No Variations]"
Add component (AddParameter): Name = "Ten_Linh_Kien"; Value = "Tr? V?ch 1/4w 5% 3.9K"; VariantName = "[No Variations]"
Added Component: Designator=R10(tro vach 1/4w)
Add component. Clean all parameters for all variants
Add component (AddParameter): Name = "Chung_Loai"; Value = "C?m"; VariantName = "[No Variations]"
Add component (AddParameter): Name = "Don_Vi"; Value = "Con"; VariantName = "[No Variations]"
Add component (AddParameter): Name = "Kieu_Chan"; Value = ""; VariantName = "[No Variations]"
Add component (AddParameter): Name = "Ma_Hang"; Value = "MH007354"; VariantName = "[No Variations]"
Add component (AddParameter): Name = "So_Chan"; Value = "2"; VariantName = "[No Variations]"
Add component (AddParameter): Name = "Ten_Linh_Kien"; Value = "Tr? V?ch 1/4w 5% 10K"; VariantName = "[No Variations]"
Added Component: Designator=R11(tro vach 1/4w)
Add component. Clean all parameters for all variants
Add component (AddParameter): Name = "Chung_Loai"; Value = "C?m"; VariantName = "[No Variations]"
Add component (AddParameter): Name = "Don_Vi"; Value = "Con"; VariantName = "[No Variations]"
Add component (AddParameter): Name = "Kieu_Chan"; Value = ""; VariantName = "[No Variations]"
Add component (AddParameter): Name = "Ma_Hang"; Value = "MH007390"; VariantName = "[No Variations]"
Add component (AddParameter): Name = "So_Chan"; Value = "2"; VariantName = "[No Variations]"
Add component (AddParameter): Name = "Ten_Linh_Kien"; Value = "Tr? V?ch 1/4w 5% 1k"; VariantName = "[No Variations]"
Added Component: Designator=R12(tro vach 1/4w)
Add component. Clean all parameters for all variants
Add component (AddParameter): Name = "Chung_Loai"; Value = "C?m"; VariantName = "[No Variations]"
Add component (AddParameter): Name = "Don_Vi"; Value = "Con"; VariantName = "[No Variations]"
Add component (AddParameter): Name = "Kieu_Chan"; Value = ""; VariantName = "[No Variations]"
Add component (AddParameter): Name = "Ma_Hang"; Value = "MH007354"; VariantName = "[No Variations]"
Add component (AddParameter): Name = "So_Chan"; Value = "2"; VariantName = "[No Variations]"
Add component (AddParameter): Name = "Ten_Linh_Kien"; Value = "Tr? V?ch 1/4w 5% 10K"; VariantName = "[No Variations]"
Added Component: Designator=R13(tro cong suat 5w)
Add component. Clean all parameters for all variants
Add component (AddParameter): Name = "Chung_Loai"; Value = "C?m"; VariantName = "[No Variations]"
Add component (AddParameter): Name = "Don_Vi"; Value = "Con"; VariantName = "[No Variations]"
Add component (AddParameter): Name = "Kieu_Chan"; Value = ""; VariantName = "[No Variations]"
Add component (AddParameter): Name = "Ma_Hang"; Value = "MH001094"; VariantName = "[No Variations]"
Add component (AddParameter): Name = "So_Chan"; Value = "2"; VariantName = "[No Variations]"
Add component (AddParameter): Name = "Ten_Linh_Kien"; Value = "Tr? S? 5w 5% 0.22R"; VariantName = "[No Variations]"
Added Component: Designator=R14(Tro Vach 2W)
Add component. Clean all parameters for all variants
Added Component: Designator=T1(EE25_8_PIN)
Add component. Clean all parameters for all variants
Added Component: Designator=U1(DIP4)
Add component. Clean all parameters for all variants
Add component (AddParameter): Name = "Value"; Value = "PC817"; VariantName = "[No Variations]"
Added Component: Designator=VR1(Bien Tro Tam Giac Dung)
Add component. Clean all parameters for all variants
Add component (AddParameter): Name = "Chung_Loai"; Value = "C?m"; VariantName = "[No Variations]"
Add component (AddParameter): Name = "Don_Vi"; Value = "Con"; VariantName = "[No Variations]"
Add component (AddParameter): Name = "Ghi_Chu"; Value = ""; VariantName = "[No Variations]"
Add component (AddParameter): Name = "Kieu_Chan"; Value = ""; VariantName = "[No Variations]"
Add component (AddParameter): Name = "Ma_Hang"; Value = "MH000919"; VariantName = "[No Variations]"
Add component (AddParameter): Name = "Ten_Linh_Kien"; Value = "Bi?n Tr? Tam Giác 103-10K RM065 (Chân Ð?ng)"; VariantName = "[No Variations]"
Added Pin To Net: NetName=+5V Pin=C1-1
Added Pin To Net: NetName=GND Pin=C1-2
Added Pin To Net: NetName=VCC Pin=C2-1
Added Pin To Net: NetName=GND Pin=C2-2
Added Pin To Net: NetName=Opto Pin=C3-1
Added Pin To Net: NetName=GND Pin=C3-2
Added Pin To Net: NetName=+12V Pin=C4-1
Added Pin To Net: NetName=GND Pin=C4-2
Added Pin To Net: NetName=GND Pin=C6-1
Added Pin To Net: NetName=ZENNER Pin=C6-2
Added Pin To Net: NetName=GND Pin=C7-1
Added Pin To Net: NetName=-12V Pin=C7-2
Added Pin To Net: NetName=VFB Pin=C8-1
Added Pin To Net: NetName=NetC8_2 Pin=C8-2
Added Pin To Net: NetName=VREF Pin=C9-1
Added Pin To Net: NetName=GND Pin=C9-2
Added Pin To Net: NetName=NetC10_1 Pin=C10-1
Added Pin To Net: NetName=GND Pin=C10-2
Added Pin To Net: NetName=NetC11_1 Pin=C11-1
Added Pin To Net: NetName=GND Pin=C11-2
Added Pin To Net: NetName=NetD1_1 Pin=D1-1
Added Pin To Net: NetName=VCC Pin=D1-2
Added Pin To Net: NetName=OUT1 Pin=D2-1
Added Pin To Net: NetName=Opto Pin=D2-2
Added Pin To Net: NetName=ZENNER Pin=D3-1
Added Pin To Net: NetName=OUT2 Pin=D3-2
Added Pin To Net: NetName=BA8 Pin=D4-1
Added Pin To Net: NetName=NetC5 Pin=D4-2
Added Pin To Net: NetName=NetC Pin=D5-1
Added Pin To Net: NetName=GND Pin=D5-2
Added Pin To Net: NetName=ZENNER Pin=D6-1
Added Pin To Net: NetName=NetD6_2 Pin=D6-2
Added Pin To Net: NetName=+5V Pin=H1-1
Added Pin To Net: NetName=GND Pin=H1-2
Added Pin To Net: NetName=+12V Pin=H1-3
Added Pin To Net: NetName=GND Pin=H1-4
Added Pin To Net: NetName=GND Pin=H1-5
Added Pin To Net: NetName=-12V Pin=H1-6
Added Pin To Net: NetName=310V Pin=HD1-1
Added Pin To Net: NetName=GND Pin=HD1-2
Added Pin To Net: NetName=Opto Pin=IC1-1
Added Pin To Net: NetName=GND Pin=IC1-2
Added Pin To Net: NetName=+5V Pin=IC1-3
Added Pin To Net: NetName=Opto Pin=IC2-1
Added Pin To Net: NetName=GND Pin=IC2-2
Added Pin To Net: NetName=+12V Pin=IC2-3
Added Pin To Net: NetName=GND Pin=IC3-1
Added Pin To Net: NetName=ZENNER Pin=IC3-2
Added Pin To Net: NetName=-12V Pin=IC3-3
Added Pin To Net: NetName=NetC8_2 Pin=IC4-1
Added Pin To Net: NetName=VFB Pin=IC4-2
Added Pin To Net: NetName=NetC11_1 Pin=IC4-3
Added Pin To Net: NetName=NetC10_1 Pin=IC4-4
Added Pin To Net: NetName=GND Pin=IC4-5
Added Pin To Net: NetName=NetIC4_6 Pin=IC4-6
Added Pin To Net: NetName=VCC Pin=IC4-7
Added Pin To Net: NetName=VREF Pin=IC4-8
Added Pin To Net: NetName=NetQ1_1 Pin=Q1-1
Added Pin To Net: NetName=BA8 Pin=Q1-2
Added Pin To Net: NetName=NetQ1_3 Pin=Q1-3
Added Pin To Net: NetName=NetD6_2 Pin=Q2-1
Added Pin To Net: NetName=NetQ2_2 Pin=Q2-2
Added Pin To Net: NetName=NetQ2_3 Pin=Q2-3
Added Pin To Net: NetName=VCC Pin=R1-1
Added Pin To Net: NetName=310V Pin=R1-2
Added Pin To Net: NetName=NetC5 Pin=R2-1
Added Pin To Net: NetName=310V Pin=R2-2
Added Pin To Net: NetName=NetC8_2 Pin=R3-1
Added Pin To Net: NetName=VFB Pin=R3-2
Added Pin To Net: NetName=NetIC4_6 Pin=R4-1
Added Pin To Net: NetName=NetQ1_1 Pin=R4-2
Added Pin To Net: NetName=NetQ2_3 Pin=R5-1
Added Pin To Net: NetName=Opto Pin=R5-2
Added Pin To Net: NetName=Opto Pin=R6-1
Added Pin To Net: NetName=NetQ2_2 Pin=R6-2
Added Pin To Net: NetName=VREF Pin=R7-1
Added Pin To Net: NetName=VFB Pin=R7-2
Added Pin To Net: NetName=GND Pin=R8-1
Added Pin To Net: NetName=NetQ1_1 Pin=R8-2
Added Pin To Net: NetName=GND Pin=R9-1
Added Pin To Net: NetName=VFB Pin=R9-2
Added Pin To Net: NetName=VREF Pin=R10-1
Added Pin To Net: NetName=NetC10_1 Pin=R10-2
Added Pin To Net: NetName=NetC11_1 Pin=R11-1
Added Pin To Net: NetName=NetQ1_3 Pin=R11-2
Added Pin To Net: NetName=NetR12_1 Pin=R12-1
Added Pin To Net: NetName=ZENNER Pin=R12-2
Added Pin To Net: NetName=GND Pin=R13-1
Added Pin To Net: NetName=NetQ1_3 Pin=R13-2
Added Pin To Net: NetName=Opto Pin=U1-1
Added Pin To Net: NetName=NetQ2_2 Pin=U1-2
Added Pin To Net: NetName=VFB Pin=U1-3
Added Pin To Net: NetName=VREF Pin=U1-4
Added Pin To Net: NetName=NetQ2_3 Pin=VR1-1
Added Pin To Net: NetName=NetQ2_3 Pin=VR1-2
Added Pin To Net: NetName=NetR12_1 Pin=VR1-3
Added Member To Class: ClassName=Sch_bai7 Member=Component C1 10uF
Added Member To Class: ClassName=Sch_bai7 Member=Component C2 100uF/400V
Added Member To Class: ClassName=Sch_bai7 Member=Component C3 470uF
Added Member To Class: ClassName=Sch_bai7 Member=Component C4 10uF
Added Member To Class: ClassName=Sch_bai7 Member=Component C5 103/2kv
Added Member To Class: ClassName=Sch_bai7 Member=Component C6 470uF
Added Member To Class: ClassName=Sch_bai7 Member=Component C7 10uF
Added Member To Class: ClassName=Sch_bai7 Member=Component C8 101/100p
Added Member To Class: ClassName=Sch_bai7 Member=Component C9 103
Added Member To Class: ClassName=Sch_bai7 Member=Component C10 222
Added Member To Class: ClassName=Sch_bai7 Member=Component C11 471/470p
Added Member To Class: ClassName=Sch_bai7 Member=Component C 102/2KV
Added Member To Class: ClassName=Sch_bai7 Member=Component D1 FR107
Added Member To Class: ClassName=Sch_bai7 Member=Component D2 FR207
Added Member To Class: ClassName=Sch_bai7 Member=Component D3 FR207
Added Member To Class: ClassName=Sch_bai7 Member=Component D4 FR207
Added Member To Class: ClassName=Sch_bai7 Member=Component D5 FR107
Added Member To Class: ClassName=Sch_bai7 Member=Component D6 5V
Added Member To Class: ClassName=Sch_bai7 Member=Component H1 Header 6P 2.54 Duc Thang
Added Member To Class: ClassName=Sch_bai7 Member=Component HD1 Header 2
Added Member To Class: ClassName=Sch_bai7 Member=Component IC1 LM7805
Added Member To Class: ClassName=Sch_bai7 Member=Component IC2 LM7812
Added Member To Class: ClassName=Sch_bai7 Member=Component IC3 LM7912
Added Member To Class: ClassName=Sch_bai7 Member=Component IC4 UC3842
Added Member To Class: ClassName=Sch_bai7 Member=Component Q1 IRF740
Added Member To Class: ClassName=Sch_bai7 Member=Component Q2 C1815
Added Member To Class: ClassName=Sch_bai7 Member=Component R1 150k/2W
Added Member To Class: ClassName=Sch_bai7 Member=Component R2 68k
Added Member To Class: ClassName=Sch_bai7 Member=Component R3 150k
Added Member To Class: ClassName=Sch_bai7 Member=Component R4 22R
Added Member To Class: ClassName=Sch_bai7 Member=Component R5 47k
Added Member To Class: ClassName=Sch_bai7 Member=Component R6 10k
Added Member To Class: ClassName=Sch_bai7 Member=Component R7 10k
Added Member To Class: ClassName=Sch_bai7 Member=Component R8 22k
Added Member To Class: ClassName=Sch_bai7 Member=Component R9 3.9k
Added Member To Class: ClassName=Sch_bai7 Member=Component R10 10k
Added Member To Class: ClassName=Sch_bai7 Member=Component R11 1k
Added Member To Class: ClassName=Sch_bai7 Member=Component R12 10k
Added Member To Class: ClassName=Sch_bai7 Member=Component R13 0.22R/5W
Added Member To Class: ClassName=Sch_bai7 Member=Component R14 2k2/2W
Added Member To Class: ClassName=Sch_bai7 Member=Component T1 EE25
Added Member To Class: ClassName=Sch_bai7 Member=Component U1 OPTO PC817 DIP4
Added Member To Class: ClassName=Sch_bai7 Member=Component VR1 10K
Added Room: Name=Sch_bai7
